[01:56:59.118] [INFO] storybook v10.4.6
[01:57:04.877] [DEBUG] Getting package.json info for C:/JackProject/afenda-bolt/client-declaration-portal/package.json...
[01:57:10.335] [DEBUG] Serving static files from public at /
[01:57:10.409] [INFO] Starting...
[01:57:13.835] [DEBUG] Starting preview..
[01:57:13.996] [DEBUG] Using tsconfig paths for react-docgen
[01:57:14.450] [INFO] Vite Re-optimizing dependencies because lockfile has changed
[01:57:14.823] [DEBUG] Change detection enabled.
[01:57:14.824] [DEBUG] Change detection: snapshotting Vite resolve config (restart required if vite.config.ts changes)
[01:57:14.827] [DEBUG] Change detection: ignored 16 regex alias(es); related modules tracked as opaque-leaf.
[01:57:14.827] [DEBUG] ChangeDetectionResolverFactory: skipped regex aliases [/^next\/link$/, /^next\/image$/, /^@storybook\/global$/, /^storybook\/test$/, /^storybook\/actions$/, /^storybook\/preview-api$/, /^storybook\/internal\/channels$/, /^storybook\/internal\/client-logger$/, /^storybook\/internal\/core-events$/, /^storybook\/internal\/preview-errors$/, /^storybook\/internal\/types$/, /^storybook\/internal\/preview-api$/, /^next\/link$/, /^next\/image$/, /^\/?@vite\/env/, /^\/?@vite\/client/]
[01:57:15.453] [ERROR] [38;2;241;97;97mError: listen EADDRINUSE: address already in use :::6006[39m
    at Server.setupListenHandle [as _listen2] (node:net:1939:16)
    at listenInCluster (node:net:1996:12)
    at Server.listen (node:net:2101:7)
    at _Polka.listen (file:///C:/JackProject/afenda-bolt/client-declaration-portal/node_modules/storybook/dist/core-server/index.js:9924:110)
    at file:///C:/JackProject/afenda-bolt/client-declaration-portal/node_modules/storybook/dist/core-server/index.js:11517:39
    at new Promise (<anonymous>)
    at storybookDevServer (file:///C:/JackProject/afenda-bolt/client-declaration-portal/node_modules/storybook/dist/core-server/index.js:11516:19)
    at async buildOrThrow (file:///C:/JackProject/afenda-bolt/client-declaration-portal/node_modules/storybook/dist/core-server/index.js:8205:12)
    at async buildDevStandalone (file:///C:/JackProject/afenda-bolt/client-declaration-portal/node_modules/storybook/dist/core-server/index.js:12057:41)
    at async withTelemetry (file:///C:/JackProject/afenda-bolt/client-declaration-portal/node_modules/storybook/dist/_node-chunks/chunk-G7NXW2C2.js:650:12)
[01:57:15.471] [WARN] Broken build, fix the error above.
You may need to refresh the browser.
[01:57:15.592] [DEBUG] ChangeDetectionResolverFactory: 'class-variance-authority' from 'C:/JackProject/afenda-bolt/client-declaration-portal/components/ui/button.tsx' unresolved ("." is not exported under the conditions ["storybook", "stories", "test", "module", "browser", "development|production"] from package C:/JackProject/afenda-bolt/client-declaration-portal\node_modules\class-variance-authority (see exports field in C:/JackProject/afenda-bolt/client-declaration-portal\node_modules\class-variance-authority\package.json))
[01:57:15.592] [DEBUG] Could not resolve class-variance-authority from C:/JackProject/afenda-bolt/client-declaration-portal/components/ui/button.tsx
[01:57:15.697] [DEBUG] ChangeDetectionResolverFactory: 'class-variance-authority' from 'C:/JackProject/afenda-bolt/client-declaration-portal/components/ui/badge.tsx' unresolved ("." is not exported under the conditions ["storybook", "stories", "test", "module", "browser", "development|production"] from package C:/JackProject/afenda-bolt/client-declaration-portal\node_modules\class-variance-authority (see exports field in C:/JackProject/afenda-bolt/client-declaration-portal\node_modules\class-variance-authority\package.json))
[01:57:15.697] [DEBUG] Could not resolve class-variance-authority from C:/JackProject/afenda-bolt/client-declaration-portal/components/ui/badge.tsx
[01:57:16.024] [DEBUG] Change detection graph built: 12 stories, 41 deps tracked, 1190ms